ms 10 5 -t 10 
1756 29116 57671

//	1
segsites: 79
positions: 0.0090 0.0317 0.0491 0.0543 0.0596 0.0634 0.0691 0.0767 0.0864 0.1033 0.1197 0.1205 0.1699 0.1842 0.2148 0.2270 0.2386 0.2521 0.2700 0.2885 0.2983 0.3216 0.3236 0.3626 0.3657 0.3766 0.4177 0.4197 0.4262 0.4274 0.4359 0.4379 0.4538 0.4657 0.4686 0.4753 0.4890 0.4913 0.5144 0.5186 0.5281 0.5407 0.5443 0.5567 0.5613 0.5693 0.5931 0.6236 0.6337 0.6438 0.6528 0.6576 0.6591 0.6805 0.6917 0.6925 0.6943 0.7231 0.7260 0.7262 0.7264 0.7340 0.7884 0.7896 0.8003 0.8049 0.8069 0.8241 0.8382 0.8607 0.8641 0.8809 0.8835 0.9030 0.9242 0.9436 0.9529 0.9879 0.9962 
0001001000001101000101010110000001111000101110001110010110100001011100000100000
1001001000000101000101000110000010101000111110001110010110100000011000100100000
0001001000001101000101010110000001111000101110001110010110100001011000000100000
0110110111110010111010101001001100000110000001110001101001010110100010011010111
0001001000001101000101010110000001111000101110001110010110101001011000000100000
0110110111110010110010101001011100000111000001110001101001000110100010011011111
0110110111110010110010101001011100000111000001110001101001000110100010011011111
0001001000001101000101010110000001111000101110001110010110100001011001000100000
0001001000001101000101010110100001111000101110001110010110100001011100000100000
0001001000001101000101010110000001111000101110001110010110100001011001000100000

//	2
segsites: 27
positions: 0.0139 0.1383 0.1432 0.1695 0.2691 0.2744 0.3001 0.3032 0.3635 0.3912 0.4090 0.4845 0.5841 0.5993 0.6028 0.6290 0.6398 0.6456 0.6548 0.6945 0.7037 0.7142 0.7412 0.8753 0.9265 0.9451 0.9730 
000101000100000010000100000
000101000100000000000100000
000101000100000000000100000
000101000100000001100000000
010101000100000100000000000
001101010110100000000001000
000010100000001000001000100
000010100001000000001000000
000101001100000000000010000
100001000100010000010000011

//	3
segsites: 39
positions: 0.0275 0.0637 0.0804 0.0825 0.0859 0.1108 0.1333 0.1366 0.1531 0.2066 0.2499 0.2503 0.2685 0.3107 0.3119 0.3321 0.3690 0.4023 0.4467 0.4719 0.4771 0.4816 0.4922 0.5259 0.5304 0.5448 0.5497 0.5977 0.6305 0.6617 0.6811 0.7476 0.7591 0.7778 0.8269 0.8711 0.9606 0.9625 0.9881 
101000000010100000100110111101000001111
101000000010100000100110111101000001111
101000000110100100100110111101100001111
000101111001001011011001000010001110000
101010000000110000100110111101000001111
101000000010100000100110111101010001111
101000000010100000100110111101000001111
010101111001000011010001000010001110000
010101111001000011010001000010001110000
101000000010100100100110111101100001111

//	4
segsites: 30
positions: 0.0144 0.0603 0.0933 0.1123 0.1267 0.1595 0.1599 0.1801 0.2488 0.2504 0.2779 0.3237 0.3654 0.4350 0.4673 0.4674 0.5740 0.5947 0.6018 0.6335 0.6508 0.7034 0.7336 0.7338 0.7857 0.8188 0.8539 0.9229 0.9395 0.9635 
101000010000000000000000001000
000001000000001011000000100101
001100000000000000000100010010
010000000001110000011010000000
001000001000000100100000000010
001000000110000000000000000000
000010000000000001000001100000
101000010000000000000000001000
001000100110000000000000000000
001100000000000000000100010010

//	5
segsites: 52
positions: 0.0216 0.0289 0.0295 0.0624 0.0674 0.0754 0.0827 0.0962 0.0969 0.1129 0.1332 0.1625 0.2287 0.2473 0.2517 0.2765 0.2923 0.3514 0.3839 0.3906 0.4271 0.4315 0.4440 0.4819 0.4841 0.5061 0.5272 0.5472 0.5479 0.5615 0.5888 0.6010 0.6232 0.6238 0.6474 0.6503 0.6572 0.6623 0.6671 0.6759 0.6921 0.7228 0.7798 0.7936 0.8191 0.8228 0.8259 0.8271 0.8715 0.8840 0.9261 0.9359 
0110111110011001101100111000001111111100000010011000
0110111110011001101100111000001111111100000010011000
1001000000100100000010000110010000000011011101100010
0110111110011001101100111000001111011100000010011000
1001000000100100000010000110010000000011011101100010
1001000001100110000011000101100000000010101100100101
1001000000100100010010000110010000000011011101100010
0110111110011001101100111000001111011100000010011000
1001000000100100000010000110010000000011011101100010
0110111110011001101100111000001111111100000010011000
